This file contains any messages produced by compilers while
running configure, to aid debugging if configure makes a mistake.

It was created by Printer Applications Framework configure 0.0.1, which was
generated by GNU Autoconf 2.69.  Invocation command line was

  $ ./configure --prefix=/home/dj/Printer-Applications-Framework/install/

## --------- ##
## Platform. ##
## --------- ##

hostname = dj-HP
uname -m = x86_64
uname -r = 5.0.0-15-generic
uname -s = Linux
uname -v = #16-Ubuntu SMP Mon May 6 17:41:33 UTC 2019

/usr/bin/uname -p = unknown
/bin/uname -X     = unknown

/bin/arch              = unknown
/usr/bin/arch -k       = unknown
/usr/convex/getsysinfo = unknown
/usr/bin/hostinfo      = unknown
/bin/machine           = unknown
/usr/bin/oslevel       = unknown
/bin/universe          = unknown

PATH: /home/dj/.rvm/gems/ruby-2.6.3/bin
PATH: /home/dj/.rvm/gems/ruby-2.6.3@global/bin
PATH: /home/dj/.rvm/rubies/ruby-2.6.3/bin
PATH: /home/dj/.local/bin
PATH: /opt/oracle/product/18c/dbhomeXE/bin
PATH: /opt/oracle/product/18c/dbhomeXE/bin
PATH: /usr/local/sbin
PATH: /usr/local/bin
PATH: /usr/sbin
PATH: /usr/bin
PATH: /sbin
PATH: /bin
PATH: /usr/games
PATH: /usr/local/games
PATH: /snap/bin
PATH: /usr/lib/jvm/java-8-oracle/bin
PATH: /usr/lib/jvm/java-8-oracle/db/bin
PATH: /usr/lib/jvm/java-8-oracle/jre/bin
PATH: /home/dj/.rvm/bin


## ----------- ##
## Core tests. ##
## ----------- ##

configure:2335: checking for a BSD-compatible install
configure:2403: result: /usr/bin/install -c
configure:2414: checking whether build environment is sane
configure:2469: result: yes
configure:2618: checking for a thread-safe mkdir -p
configure:2657: result: /bin/mkdir -p
configure:2664: checking for gawk
configure:2680: found /usr/bin/gawk
configure:2691: result: gawk
configure:2702: checking whether make sets $(MAKE)
configure:2724: result: yes
configure:2753: checking whether make supports nested variables
configure:2770: result: yes
configure:3052: checking for cups-config
configure:3070: found /usr/bin/cups-config
configure:3082: result: /usr/bin/cups-config
configure:3169: checking for gcc
configure:3185: found /usr/bin/gcc
configure:3196: result: gcc
configure:3425: checking for C compiler version
configure:3434: gcc --version >&5
gcc (Ubuntu 8.3.0-6ubuntu1) 8.3.0
Copyright (C) 2018 Free Software Foundation, Inc.
This is free software; see the source for copying conditions.  There is NO
warranty; not even for MERCHANTABILITY or FITNESS FOR A PARTICULAR PURPOSE.

configure:3445: $? = 0
configure:3434: gcc -v >&5
Using built-in specs.
COLLECT_GCC=gcc
COLLECT_LTO_WRAPPER=/usr/lib/gcc/x86_64-linux-gnu/8/lto-wrapper
OFFLOAD_TARGET_NAMES=nvptx-none
OFFLOAD_TARGET_DEFAULT=1
Target: x86_64-linux-gnu
Configured with: ../src/configure -v --with-pkgversion='Ubuntu 8.3.0-6ubuntu1' --with-bugurl=file:///usr/share/doc/gcc-8/README.Bugs --enable-languages=c,ada,c++,go,brig,d,fortran,objc,obj-c++ --prefix=/usr --with-gcc-major-version-only --program-suffix=-8 --program-prefix=x86_64-linux-gnu- --enable-shared --enable-linker-build-id --libexecdir=/usr/lib --without-included-gettext --enable-threads=posix --libdir=/usr/lib --enable-nls --enable-bootstrap --enable-clocale=gnu --enable-libstdcxx-debug --enable-libstdcxx-time=yes --with-default-libstdcxx-abi=new --enable-gnu-unique-object --disable-vtable-verify --enable-libmpx --enable-plugin --enable-default-pie --with-system-zlib --with-target-system-zlib --enable-objc-gc=auto --enable-multiarch --disable-werror --with-arch-32=i686 --with-abi=m64 --with-multilib-list=m32,m64,mx32 --enable-multilib --with-tune=generic --enable-offload-targets=nvptx-none --without-cuda-driver --enable-checking=release --build=x86_64-linux-gnu --host=x86_64-linux-gnu --target=x86_64-linux-gnu
Thread model: posix
gcc version 8.3.0 (Ubuntu 8.3.0-6ubuntu1) 
configure:3445: $? = 0
configure:3434: gcc -V >&5
gcc: error: unrecognized command line option '-V'
gcc: fatal error: no input files
compilation terminated.
configure:3445: $? = 1
configure:3434: gcc -qversion >&5
gcc: error: unrecognized command line option '-qversion'; did you mean '--version'?
gcc: fatal error: no input files
compilation terminated.
configure:3445: $? = 1
configure:3465: checking whether the C compiler works
configure:3487: gcc    conftest.c  >&5
configure:3491: $? = 0
configure:3539: result: yes
configure:3542: checking for C compiler default output file name
configure:3544: result: a.out
configure:3550: checking for suffix of executables
configure:3557: gcc -o conftest    conftest.c  >&5
configure:3561: $? = 0
configure:3583: result: 
configure:3605: checking whether we are cross compiling
configure:3613: gcc -o conftest    conftest.c  >&5
configure:3617: $? = 0
configure:3624: ./conftest
configure:3628: $? = 0
configure:3616: result: no
configure:3621: checking for suffix of object files
configure:3643: gcc -c   conftest.c >&5
configure:3647: $? = 0
configure:3668: result: o
configure:3672: checking whether we are using the GNU C compiler
configure:3691: gcc -c   conftest.c >&5
configure:3691: $? = 0
configure:3700: result: yes
configure:3709: checking whether gcc accepts -g
configure:3729: gcc -c -g  conftest.c >&5
configure:3729: $? = 0
configure:3770: result: yes
configure:3787: checking for gcc option to accept ISO C89
configure:3850: gcc  -c -g -O2  conftest.c >&5
configure:3850: $? = 0
configure:3863: result: none needed
configure:3888: checking whether gcc understands -c and -o together
configure:3910: gcc -c conftest.c -o conftest2.o
configure:3913: $? = 0
configure:3910: gcc -c conftest.c -o conftest2.o
configure:3913: $? = 0
configure:3925: result: yes
configure:3945: checking whether make supports the include directive
configure:3960: make -f confmf.GNU && cat confinc.out
this is the am__doit target
configure:3963: $? = 0
configure:3982: result: yes (GNU style)
configure:4007: checking dependency style of gcc
configure:4118: result: gcc3
configure:4136: checking for cupsAddDest in -lcups
configure:4161: gcc -o conftest -g -O2   conftest.c -lcups   >&5
configure:4161: $? = 0
configure:4170: result: yes
configure:4187: checking how to run the C preprocessor
configure:4218: gcc -E  conftest.c
configure:4218: $? = 0
configure:4232: gcc -E  conftest.c
conftest.c:20:10: fatal error: ac_nonexistent.h: No such file or directory
 #include <ac_nonexistent.h>
          ^~~~~~~~~~~~~~~~~~
compilation terminated.
configure:4232: $? = 1
configure: failed program was:
| /* confdefs.h */
| #define PACKAGE_NAME "Printer Applications Framework"
| #define PACKAGE_TARNAME "printer-applications-framework"
| #define PACKAGE_VERSION "0.0.1"
| #define PACKAGE_STRING "Printer Applications Framework 0.0.1"
| #define PACKAGE_BUGREPORT "https://github.com/dheeraj135/Printer-Applications-Framework"
| #define PACKAGE_URL ""
| #define PACKAGE "printer-applications-framework"
| #define VERSION "0.0.1"
| #define EXEC_PREFIX "/home/dj/Printer-Applications-Framework/install"
| #define PREFIX "/home/dj/Printer-Applications-Framework/install"
| #define DATADIR "/home/dj/Printer-Applications-Framework/install/share/cups"
| #define CACHEDIR "/home/dj/Printer-Applications-Framework/install/var/cache"
| #define SERVERBIN "/home/dj/Printer-Applications-Framework/install/lib/cups"
| #define BINDIR "/home/dj/Printer-Applications-Framework/install/bin"
| #define TMPDIR "/home/dj/Printer-Applications-Framework/install/var/tmp/"
| #define CUPS_SERVERBIN "/usr/lib/cups"
| #define HAVE_LIBCUPS 1
| /* end confdefs.h.  */
| #include <ac_nonexistent.h>
configure:4257: result: gcc -E
configure:4277: gcc -E  conftest.c
configure:4277: $? = 0
configure:4291: gcc -E  conftest.c
conftest.c:20:10: fatal error: ac_nonexistent.h: No such file or directory
 #include <ac_nonexistent.h>
          ^~~~~~~~~~~~~~~~~~
compilation terminated.
configure:4291: $? = 1
configure: failed program was:
| /* confdefs.h */
| #define PACKAGE_NAME "Printer Applications Framework"
| #define PACKAGE_TARNAME "printer-applications-framework"
| #define PACKAGE_VERSION "0.0.1"
| #define PACKAGE_STRING "Printer Applications Framework 0.0.1"
| #define PACKAGE_BUGREPORT "https://github.com/dheeraj135/Printer-Applications-Framework"
| #define PACKAGE_URL ""
| #define PACKAGE "printer-applications-framework"
| #define VERSION "0.0.1"
| #define EXEC_PREFIX "/home/dj/Printer-Applications-Framework/install"
| #define PREFIX "/home/dj/Printer-Applications-Framework/install"
| #define DATADIR "/home/dj/Printer-Applications-Framework/install/share/cups"
| #define CACHEDIR "/home/dj/Printer-Applications-Framework/install/var/cache"
| #define SERVERBIN "/home/dj/Printer-Applications-Framework/install/lib/cups"
| #define BINDIR "/home/dj/Printer-Applications-Framework/install/bin"
| #define TMPDIR "/home/dj/Printer-Applications-Framework/install/var/tmp/"
| #define CUPS_SERVERBIN "/usr/lib/cups"
| #define HAVE_LIBCUPS 1
| /* end confdefs.h.  */
| #include <ac_nonexistent.h>
configure:4320: checking for grep that handles long lines and -e
configure:4378: result: /bin/grep
configure:4383: checking for egrep
configure:4445: result: /bin/grep -E
configure:4450: checking for ANSI C header files
configure:4470: gcc -c -g -O2  conftest.c >&5
configure:4470: $? = 0
configure:4543: gcc -o conftest -g -O2   conftest.c -lcups  >&5
configure:4543: $? = 0
configure:4543: ./conftest
configure:4543: $? = 0
configure:4554: result: yes
configure:4567: checking for sys/types.h
configure:4567: gcc -c -g -O2  conftest.c >&5
configure:4567: $? = 0
configure:4567: result: yes
configure:4567: checking for sys/stat.h
configure:4567: gcc -c -g -O2  conftest.c >&5
configure:4567: $? = 0
configure:4567: result: yes
configure:4567: checking for stdlib.h
configure:4567: gcc -c -g -O2  conftest.c >&5
configure:4567: $? = 0
configure:4567: result: yes
configure:4567: checking for string.h
configure:4567: gcc -c -g -O2  conftest.c >&5
configure:4567: $? = 0
configure:4567: result: yes
configure:4567: checking for memory.h
configure:4567: gcc -c -g -O2  conftest.c >&5
configure:4567: $? = 0
configure:4567: result: yes
configure:4567: checking for strings.h
configure:4567: gcc -c -g -O2  conftest.c >&5
configure:4567: $? = 0
configure:4567: result: yes
configure:4567: checking for inttypes.h
configure:4567: gcc -c -g -O2  conftest.c >&5
configure:4567: $? = 0
configure:4567: result: yes
configure:4567: checking for stdint.h
configure:4567: gcc -c -g -O2  conftest.c >&5
configure:4567: $? = 0
configure:4567: result: yes
configure:4567: checking for unistd.h
configure:4567: gcc -c -g -O2  conftest.c >&5
configure:4567: $? = 0
configure:4567: result: yes
configure:4582: checking fcntl.h usability
configure:4582: gcc -c -g -O2  conftest.c >&5
configure:4582: $? = 0
configure:4582: result: yes
configure:4582: checking fcntl.h presence
configure:4582: gcc -E  conftest.c
configure:4582: $? = 0
configure:4582: result: yes
configure:4582: checking for fcntl.h
configure:4582: result: yes
configure:4582: checking for stdlib.h
configure:4582: result: yes
configure:4582: checking for string.h
configure:4582: result: yes
configure:4582: checking sys/socket.h usability
configure:4582: gcc -c -g -O2  conftest.c >&5
configure:4582: $? = 0
configure:4582: result: yes
configure:4582: checking sys/socket.h presence
configure:4582: gcc -E  conftest.c
configure:4582: $? = 0
configure:4582: result: yes
configure:4582: checking for sys/socket.h
configure:4582: result: yes
configure:4582: checking for unistd.h
configure:4582: result: yes
configure:4595: checking cups/cups.h usability
configure:4595: gcc -c -g -O2  conftest.c >&5
configure:4595: $? = 0
configure:4595: result: yes
configure:4595: checking cups/cups.h presence
configure:4595: gcc -E  conftest.c
configure:4595: $? = 0
configure:4595: result: yes
configure:4595: checking for cups/cups.h
configure:4595: result: yes
configure:4595: checking cups/array.h usability
configure:4595: gcc -c -g -O2  conftest.c >&5
configure:4595: $? = 0
configure:4595: result: yes
configure:4595: checking cups/array.h presence
configure:4595: gcc -E  conftest.c
configure:4595: $? = 0
configure:4595: result: yes
configure:4595: checking for cups/array.h
configure:4595: result: yes
configure:4595: checking cups/dir.h usability
configure:4595: gcc -c -g -O2  conftest.c >&5
configure:4595: $? = 0
configure:4595: result: yes
configure:4595: checking cups/dir.h presence
configure:4595: gcc -E  conftest.c
configure:4595: $? = 0
configure:4595: result: yes
configure:4595: checking for cups/dir.h
configure:4595: result: yes
configure:4595: checking cups/file.h usability
configure:4595: gcc -c -g -O2  conftest.c >&5
configure:4595: $? = 0
configure:4595: result: yes
configure:4595: checking cups/file.h presence
configure:4595: gcc -E  conftest.c
configure:4595: $? = 0
configure:4595: result: yes
configure:4595: checking for cups/file.h
configure:4595: result: yes
configure:4595: checking cups/ppd.h usability
configure:4595: gcc -c -g -O2  conftest.c >&5
configure:4595: $? = 0
configure:4595: result: yes
configure:4595: checking cups/ppd.h presence
configure:4595: gcc -E  conftest.c
configure:4595: $? = 0
configure:4595: result: yes
configure:4595: checking for cups/ppd.h
configure:4595: result: yes
configure:4661: checking for pkg-config
configure:4679: found /usr/bin/pkg-config
configure:4691: result: /usr/bin/pkg-config
configure:4716: checking pkg-config is at least version 0.9.0
configure:4719: result: yes
configure:4729: checking for libavahi
configure:4736: $PKG_CONFIG --exists --print-errors "avahi-client"
configure:4739: $? = 0
configure:4753: $PKG_CONFIG --exists --print-errors "avahi-client"
configure:4756: $? = 0
configure:4794: result: yes
configure:4804: checking avahi-client/client.h usability
configure:4804: gcc -c -g -O2  conftest.c >&5
configure:4804: $? = 0
configure:4804: result: yes
configure:4804: checking avahi-client/client.h presence
configure:4804: gcc -E  conftest.c
configure:4804: $? = 0
configure:4804: result: yes
configure:4804: checking for avahi-client/client.h
configure:4804: result: yes
configure:4804: checking avahi-client/lookup.h usability
configure:4804: gcc -c -g -O2  conftest.c >&5
configure:4804: $? = 0
configure:4804: result: yes
configure:4804: checking avahi-client/lookup.h presence
configure:4804: gcc -E  conftest.c
configure:4804: $? = 0
configure:4804: result: yes
configure:4804: checking for avahi-client/lookup.h
configure:4804: result: yes
configure:4804: checking avahi-common/simple-watch.h usability
configure:4804: gcc -c -g -O2  conftest.c >&5
configure:4804: $? = 0
configure:4804: result: yes
configure:4804: checking avahi-common/simple-watch.h presence
configure:4804: gcc -E  conftest.c
configure:4804: $? = 0
configure:4804: result: yes
configure:4804: checking for avahi-common/simple-watch.h
configure:4804: result: yes
configure:4804: checking avahi-common/malloc.h usability
configure:4804: gcc -c -g -O2  conftest.c >&5
configure:4804: $? = 0
configure:4804: result: yes
configure:4804: checking avahi-common/malloc.h presence
configure:4804: gcc -E  conftest.c
configure:4804: $? = 0
configure:4804: result: yes
configure:4804: checking for avahi-common/malloc.h
configure:4804: result: yes
configure:4804: checking avahi-common/error.h usability
configure:4804: gcc -c -g -O2  conftest.c >&5
configure:4804: $? = 0
configure:4804: result: yes
configure:4804: checking avahi-common/error.h presence
configure:4804: gcc -E  conftest.c
configure:4804: $? = 0
configure:4804: result: yes
configure:4804: checking for avahi-common/error.h
configure:4804: result: yes
configure:4824: checking for pid_t
configure:4824: gcc -c -g -O2  conftest.c >&5
configure:4824: $? = 0
configure:4824: gcc -c -g -O2  conftest.c >&5
conftest.c: In function 'main':
conftest.c:82:20: error: expected expression before ')' token
 if (sizeof ((pid_t)))
                    ^
configure:4824: $? = 1
configure: failed program was:
| /* confdefs.h */
| #define PACKAGE_NAME "Printer Applications Framework"
| #define PACKAGE_TARNAME "printer-applications-framework"
| #define PACKAGE_VERSION "0.0.1"
| #define PACKAGE_STRING "Printer Applications Framework 0.0.1"
| #define PACKAGE_BUGREPORT "https://github.com/dheeraj135/Printer-Applications-Framework"
| #define PACKAGE_URL ""
| #define PACKAGE "printer-applications-framework"
| #define VERSION "0.0.1"
| #define EXEC_PREFIX "/home/dj/Printer-Applications-Framework/install"
| #define PREFIX "/home/dj/Printer-Applications-Framework/install"
| #define DATADIR "/home/dj/Printer-Applications-Framework/install/share/cups"
| #define CACHEDIR "/home/dj/Printer-Applications-Framework/install/var/cache"
| #define SERVERBIN "/home/dj/Printer-Applications-Framework/install/lib/cups"
| #define BINDIR "/home/dj/Printer-Applications-Framework/install/bin"
| #define TMPDIR "/home/dj/Printer-Applications-Framework/install/var/tmp/"
| #define CUPS_SERVERBIN "/usr/lib/cups"
| #define HAVE_LIBCUPS 1
| #define STDC_HEADERS 1
| #define HAVE_SYS_TYPES_H 1
| #define HAVE_SYS_STAT_H 1
| #define HAVE_STDLIB_H 1
| #define HAVE_STRING_H 1
| #define HAVE_MEMORY_H 1
| #define HAVE_STRINGS_H 1
| #define HAVE_INTTYPES_H 1
| #define HAVE_STDINT_H 1
| #define HAVE_UNISTD_H 1
| #define HAVE_FCNTL_H 1
| #define HAVE_STDLIB_H 1
| #define HAVE_STRING_H 1
| #define HAVE_SYS_SOCKET_H 1
| #define HAVE_UNISTD_H 1
| #define HAVE_CUPS_CUPS_H 1
| #define HAVE_CUPS_ARRAY_H 1
| #define HAVE_CUPS_DIR_H 1
| #define HAVE_CUPS_FILE_H 1
| #define HAVE_CUPS_PPD_H 1
| #define HAVE_AVAHI_CLIENT_CLIENT_H 1
| #define HAVE_AVAHI_CLIENT_LOOKUP_H 1
| #define HAVE_AVAHI_COMMON_SIMPLE_WATCH_H 1
| #define HAVE_AVAHI_COMMON_MALLOC_H 1
| #define HAVE_AVAHI_COMMON_ERROR_H 1
| #define HAVE_AVAHI 1
| /* end confdefs.h.  */
| #include <stdio.h>
| #ifdef HAVE_SYS_TYPES_H
| # include <sys/types.h>
| #endif
| #ifdef HAVE_SYS_STAT_H
| # include <sys/stat.h>
| #endif
| #ifdef STDC_HEADERS
| # include <stdlib.h>
| # include <stddef.h>
| #else
| # ifdef HAVE_STDLIB_H
| #  include <stdlib.h>
| # endif
| #endif
| #ifdef HAVE_STRING_H
| # if !defined STDC_HEADERS && defined HAVE_MEMORY_H
| #  include <memory.h>
| # endif
| # include <string.h>
| #endif
| #ifdef HAVE_STRINGS_H
| # include <strings.h>
| #endif
| #ifdef HAVE_INTTYPES_H
| # include <inttypes.h>
| #endif
| #ifdef HAVE_STDINT_H
| # include <stdint.h>
| #endif
| #ifdef HAVE_UNISTD_H
| # include <unistd.h>
| #endif
| int
| main ()
| {
| if (sizeof ((pid_t)))
| 	    return 0;
|   ;
|   return 0;
| }
configure:4824: result: yes
configure:4835: checking for size_t
configure:4835: gcc -c -g -O2  conftest.c >&5
configure:4835: $? = 0
configure:4835: gcc -c -g -O2  conftest.c >&5
conftest.c: In function 'main':
conftest.c:82:21: error: expected expression before ')' token
 if (sizeof ((size_t)))
                     ^
configure:4835: $? = 1
configure: failed program was:
| /* confdefs.h */
| #define PACKAGE_NAME "Printer Applications Framework"
| #define PACKAGE_TARNAME "printer-applications-framework"
| #define PACKAGE_VERSION "0.0.1"
| #define PACKAGE_STRING "Printer Applications Framework 0.0.1"
| #define PACKAGE_BUGREPORT "https://github.com/dheeraj135/Printer-Applications-Framework"
| #define PACKAGE_URL ""
| #define PACKAGE "printer-applications-framework"
| #define VERSION "0.0.1"
| #define EXEC_PREFIX "/home/dj/Printer-Applications-Framework/install"
| #define PREFIX "/home/dj/Printer-Applications-Framework/install"
| #define DATADIR "/home/dj/Printer-Applications-Framework/install/share/cups"
| #define CACHEDIR "/home/dj/Printer-Applications-Framework/install/var/cache"
| #define SERVERBIN "/home/dj/Printer-Applications-Framework/install/lib/cups"
| #define BINDIR "/home/dj/Printer-Applications-Framework/install/bin"
| #define TMPDIR "/home/dj/Printer-Applications-Framework/install/var/tmp/"
| #define CUPS_SERVERBIN "/usr/lib/cups"
| #define HAVE_LIBCUPS 1
| #define STDC_HEADERS 1
| #define HAVE_SYS_TYPES_H 1
| #define HAVE_SYS_STAT_H 1
| #define HAVE_STDLIB_H 1
| #define HAVE_STRING_H 1
| #define HAVE_MEMORY_H 1
| #define HAVE_STRINGS_H 1
| #define HAVE_INTTYPES_H 1
| #define HAVE_STDINT_H 1
| #define HAVE_UNISTD_H 1
| #define HAVE_FCNTL_H 1
| #define HAVE_STDLIB_H 1
| #define HAVE_STRING_H 1
| #define HAVE_SYS_SOCKET_H 1
| #define HAVE_UNISTD_H 1
| #define HAVE_CUPS_CUPS_H 1
| #define HAVE_CUPS_ARRAY_H 1
| #define HAVE_CUPS_DIR_H 1
| #define HAVE_CUPS_FILE_H 1
| #define HAVE_CUPS_PPD_H 1
| #define HAVE_AVAHI_CLIENT_CLIENT_H 1
| #define HAVE_AVAHI_CLIENT_LOOKUP_H 1
| #define HAVE_AVAHI_COMMON_SIMPLE_WATCH_H 1
| #define HAVE_AVAHI_COMMON_MALLOC_H 1
| #define HAVE_AVAHI_COMMON_ERROR_H 1
| #define HAVE_AVAHI 1
| /* end confdefs.h.  */
| #include <stdio.h>
| #ifdef HAVE_SYS_TYPES_H
| # include <sys/types.h>
| #endif
| #ifdef HAVE_SYS_STAT_H
| # include <sys/stat.h>
| #endif
| #ifdef STDC_HEADERS
| # include <stdlib.h>
| # include <stddef.h>
| #else
| # ifdef HAVE_STDLIB_H
| #  include <stdlib.h>
| # endif
| #endif
| #ifdef HAVE_STRING_H
| # if !defined STDC_HEADERS && defined HAVE_MEMORY_H
| #  include <memory.h>
| # endif
| # include <string.h>
| #endif
| #ifdef HAVE_STRINGS_H
| # include <strings.h>
| #endif
| #ifdef HAVE_INTTYPES_H
| # include <inttypes.h>
| #endif
| #ifdef HAVE_STDINT_H
| # include <stdint.h>
| #endif
| #ifdef HAVE_UNISTD_H
| # include <unistd.h>
| #endif
| int
| main ()
| {
| if (sizeof ((size_t)))
| 	    return 0;
|   ;
|   return 0;
| }
configure:4835: result: yes
configure:4846: checking for uid_t in sys/types.h
configure:4865: result: yes
configure:4876: checking for uint16_t
configure:4876: gcc -c -g -O2  conftest.c >&5
configure:4876: $? = 0
configure:4876: result: yes
configure:4892: checking vfork.h usability
configure:4892: gcc -c -g -O2  conftest.c >&5
conftest.c:79:10: fatal error: vfork.h: No such file or directory
 #include <vfork.h>
          ^~~~~~~~~
compilation terminated.
configure:4892: $? = 1
configure: failed program was:
| /* confdefs.h */
| #define PACKAGE_NAME "Printer Applications Framework"
| #define PACKAGE_TARNAME "printer-applications-framework"
| #define PACKAGE_VERSION "0.0.1"
| #define PACKAGE_STRING "Printer Applications Framework 0.0.1"
| #define PACKAGE_BUGREPORT "https://github.com/dheeraj135/Printer-Applications-Framework"
| #define PACKAGE_URL ""
| #define PACKAGE "printer-applications-framework"
| #define VERSION "0.0.1"
| #define EXEC_PREFIX "/home/dj/Printer-Applications-Framework/install"
| #define PREFIX "/home/dj/Printer-Applications-Framework/install"
| #define DATADIR "/home/dj/Printer-Applications-Framework/install/share/cups"
| #define CACHEDIR "/home/dj/Printer-Applications-Framework/install/var/cache"
| #define SERVERBIN "/home/dj/Printer-Applications-Framework/install/lib/cups"
| #define BINDIR "/home/dj/Printer-Applications-Framework/install/bin"
| #define TMPDIR "/home/dj/Printer-Applications-Framework/install/var/tmp/"
| #define CUPS_SERVERBIN "/usr/lib/cups"
| #define HAVE_LIBCUPS 1
| #define STDC_HEADERS 1
| #define HAVE_SYS_TYPES_H 1
| #define HAVE_SYS_STAT_H 1
| #define HAVE_STDLIB_H 1
| #define HAVE_STRING_H 1
| #define HAVE_MEMORY_H 1
| #define HAVE_STRINGS_H 1
| #define HAVE_INTTYPES_H 1
| #define HAVE_STDINT_H 1
| #define HAVE_UNISTD_H 1
| #define HAVE_FCNTL_H 1
| #define HAVE_STDLIB_H 1
| #define HAVE_STRING_H 1
| #define HAVE_SYS_SOCKET_H 1
| #define HAVE_UNISTD_H 1
| #define HAVE_CUPS_CUPS_H 1
| #define HAVE_CUPS_ARRAY_H 1
| #define HAVE_CUPS_DIR_H 1
| #define HAVE_CUPS_FILE_H 1
| #define HAVE_CUPS_PPD_H 1
| #define HAVE_AVAHI_CLIENT_CLIENT_H 1
| #define HAVE_AVAHI_CLIENT_LOOKUP_H 1
| #define HAVE_AVAHI_COMMON_SIMPLE_WATCH_H 1
| #define HAVE_AVAHI_COMMON_MALLOC_H 1
| #define HAVE_AVAHI_COMMON_ERROR_H 1
| #define HAVE_AVAHI 1
| /* end confdefs.h.  */
| #include <stdio.h>
| #ifdef HAVE_SYS_TYPES_H
| # include <sys/types.h>
| #endif
| #ifdef HAVE_SYS_STAT_H
| # include <sys/stat.h>
| #endif
| #ifdef STDC_HEADERS
| # include <stdlib.h>
| # include <stddef.h>
| #else
| # ifdef HAVE_STDLIB_H
| #  include <stdlib.h>
| # endif
| #endif
| #ifdef HAVE_STRING_H
| # if !defined STDC_HEADERS && defined HAVE_MEMORY_H
| #  include <memory.h>
| # endif
| # include <string.h>
| #endif
| #ifdef HAVE_STRINGS_H
| # include <strings.h>
| #endif
| #ifdef HAVE_INTTYPES_H
| # include <inttypes.h>
| #endif
| #ifdef HAVE_STDINT_H
| # include <stdint.h>
| #endif
| #ifdef HAVE_UNISTD_H
| # include <unistd.h>
| #endif
| #include <vfork.h>
configure:4892: result: no
configure:4892: checking vfork.h presence
configure:4892: gcc -E  conftest.c
conftest.c:46:10: fatal error: vfork.h: No such file or directory
 #include <vfork.h>
          ^~~~~~~~~
compilation terminated.
configure:4892: $? = 1
configure: failed program was:
| /* confdefs.h */
| #define PACKAGE_NAME "Printer Applications Framework"
| #define PACKAGE_TARNAME "printer-applications-framework"
| #define PACKAGE_VERSION "0.0.1"
| #define PACKAGE_STRING "Printer Applications Framework 0.0.1"
| #define PACKAGE_BUGREPORT "https://github.com/dheeraj135/Printer-Applications-Framework"
| #define PACKAGE_URL ""
| #define PACKAGE "printer-applications-framework"
| #define VERSION "0.0.1"
| #define EXEC_PREFIX "/home/dj/Printer-Applications-Framework/install"
| #define PREFIX "/home/dj/Printer-Applications-Framework/install"
| #define DATADIR "/home/dj/Printer-Applications-Framework/install/share/cups"
| #define CACHEDIR "/home/dj/Printer-Applications-Framework/install/var/cache"
| #define SERVERBIN "/home/dj/Printer-Applications-Framework/install/lib/cups"
| #define BINDIR "/home/dj/Printer-Applications-Framework/install/bin"
| #define TMPDIR "/home/dj/Printer-Applications-Framework/install/var/tmp/"
| #define CUPS_SERVERBIN "/usr/lib/cups"
| #define HAVE_LIBCUPS 1
| #define STDC_HEADERS 1
| #define HAVE_SYS_TYPES_H 1
| #define HAVE_SYS_STAT_H 1
| #define HAVE_STDLIB_H 1
| #define HAVE_STRING_H 1
| #define HAVE_MEMORY_H 1
| #define HAVE_STRINGS_H 1
| #define HAVE_INTTYPES_H 1
| #define HAVE_STDINT_H 1
| #define HAVE_UNISTD_H 1
| #define HAVE_FCNTL_H 1
| #define HAVE_STDLIB_H 1
| #define HAVE_STRING_H 1
| #define HAVE_SYS_SOCKET_H 1
| #define HAVE_UNISTD_H 1
| #define HAVE_CUPS_CUPS_H 1
| #define HAVE_CUPS_ARRAY_H 1
| #define HAVE_CUPS_DIR_H 1
| #define HAVE_CUPS_FILE_H 1
| #define HAVE_CUPS_PPD_H 1
| #define HAVE_AVAHI_CLIENT_CLIENT_H 1
| #define HAVE_AVAHI_CLIENT_LOOKUP_H 1
| #define HAVE_AVAHI_COMMON_SIMPLE_WATCH_H 1
| #define HAVE_AVAHI_COMMON_MALLOC_H 1
| #define HAVE_AVAHI_COMMON_ERROR_H 1
| #define HAVE_AVAHI 1
| /* end confdefs.h.  */
| #include <vfork.h>
configure:4892: result: no
configure:4892: checking for vfork.h
configure:4892: result: no
configure:4905: checking for fork
configure:4905: gcc -o conftest -g -O2   conftest.c -lcups  >&5
conftest.c:69:6: warning: conflicting types for built-in function 'fork' [-Wbuiltin-declaration-mismatch]
 char fork ();
      ^~~~
configure:4905: $? = 0
configure:4905: result: yes
configure:4905: checking for vfork
configure:4905: gcc -o conftest -g -O2   conftest.c -lcups  >&5
configure:4905: $? = 0
configure:4905: result: yes
configure:4915: checking for working fork
configure:4937: gcc -o conftest -g -O2   conftest.c -lcups  >&5
configure:4937: $? = 0
configure:4937: ./conftest
configure:4937: $? = 0
configure:4947: result: yes
configure:4968: checking for working vfork
configure:5078: result: yes
configure:5106: checking for dup2
configure:5106: gcc -o conftest -g -O2   conftest.c -lcups  >&5
configure:5106: $? = 0
configure:5106: result: yes
configure:5106: checking for gettimeofday
configure:5106: gcc -o conftest -g -O2   conftest.c -lcups  >&5
configure:5106: $? = 0
configure:5106: result: yes
configure:5106: checking for memmove
configure:5106: gcc -o conftest -g -O2   conftest.c -lcups  >&5
conftest.c:75:6: warning: conflicting types for built-in function 'memmove' [-Wbuiltin-declaration-mismatch]
 char memmove ();
      ^~~~~~~
configure:5106: $? = 0
configure:5106: result: yes
configure:5106: checking for memset
configure:5106: gcc -o conftest -g -O2   conftest.c -lcups  >&5
conftest.c:76:6: warning: conflicting types for built-in function 'memset' [-Wbuiltin-declaration-mismatch]
 char memset ();
      ^~~~~~
configure:5106: $? = 0
configure:5106: result: yes
configure:5106: checking for socket
configure:5106: gcc -o conftest -g -O2   conftest.c -lcups  >&5
configure:5106: $? = 0
configure:5106: result: yes
configure:5106: checking for strcasecmp
configure:5106: gcc -o conftest -g -O2   conftest.c -lcups  >&5
conftest.c:78:6: warning: conflicting types for built-in function 'strcasecmp' [-Wbuiltin-declaration-mismatch]
 char strcasecmp ();
      ^~~~~~~~~~
configure:5106: $? = 0
configure:5106: result: yes
configure:5106: checking for strdup
configure:5106: gcc -o conftest -g -O2   conftest.c -lcups  >&5
conftest.c:79:6: warning: conflicting types for built-in function 'strdup' [-Wbuiltin-declaration-mismatch]
 char strdup ();
      ^~~~~~
configure:5106: $? = 0
configure:5106: result: yes
configure:5106: checking for strerror
configure:5106: gcc -o conftest -g -O2   conftest.c -lcups  >&5
configure:5106: $? = 0
configure:5106: result: yes
configure:5106: checking for strncasecmp
configure:5106: gcc -o conftest -g -O2   conftest.c -lcups  >&5
conftest.c:81:6: warning: conflicting types for built-in function 'strncasecmp' [-Wbuiltin-declaration-mismatch]
 char strncasecmp ();
      ^~~~~~~~~~~
configure:5106: $? = 0
configure:5106: result: yes
configure:5106: checking for strstr
configure:5106: gcc -o conftest -g -O2   conftest.c -lcups  >&5
conftest.c:82:6: warning: conflicting types for built-in function 'strstr' [-Wbuiltin-declaration-mismatch]
 char strstr ();
      ^~~~~~
configure:5106: $? = 0
configure:5106: result: yes
configure:5219: checking that generated files are newer than configure
configure:5225: result: done
configure:5248: creating ./config.status

## ---------------------- ##
## Running config.status. ##
## ---------------------- ##

This file was extended by Printer Applications Framework config.status 0.0.1, which was
generated by GNU Autoconf 2.69.  Invocation command line was

  CONFIG_FILES    = 
  CONFIG_HEADERS  = 
  CONFIG_LINKS    = 
  CONFIG_COMMANDS = 
  $ ./config.status 

on dj-HP

config.status:897: creating Makefile
config.status:897: creating server/Makefile
config.status:897: creating config.h
config.status:1126: executing depfiles commands
config.status:1203: cd server       && sed -e '/# am--include-marker/d' Makefile         | make -f - am--depfiles
make: Nothing to be done for 'am--depfiles'.
config.status:1208: $? = 0

## ---------------- ##
## Cache variables. ##
## ---------------- ##

ac_cv_c_compiler_gnu=yes
ac_cv_c_uint16_t=yes
ac_cv_env_CC_set=
ac_cv_env_CC_value=
ac_cv_env_CFLAGS_set=
ac_cv_env_CFLAGS_value=
ac_cv_env_CPPFLAGS_set=
ac_cv_env_CPPFLAGS_value=
ac_cv_env_CPP_set=
ac_cv_env_CPP_value=
ac_cv_env_LDFLAGS_set=
ac_cv_env_LDFLAGS_value=
ac_cv_env_LIBS_set=
ac_cv_env_LIBS_value=
ac_cv_env_PKG_CONFIG_LIBDIR_set=
ac_cv_env_PKG_CONFIG_LIBDIR_value=
ac_cv_env_PKG_CONFIG_PATH_set=
ac_cv_env_PKG_CONFIG_PATH_value=
ac_cv_env_PKG_CONFIG_set=
ac_cv_env_PKG_CONFIG_value=
ac_cv_env_build_alias_set=
ac_cv_env_build_alias_value=
ac_cv_env_host_alias_set=
ac_cv_env_host_alias_value=
ac_cv_env_libavahi_CFLAGS_set=
ac_cv_env_libavahi_CFLAGS_value=
ac_cv_env_libavahi_LIBS_set=
ac_cv_env_libavahi_LIBS_value=
ac_cv_env_target_alias_set=
ac_cv_env_target_alias_value=
ac_cv_func_dup2=yes
ac_cv_func_fork=yes
ac_cv_func_fork_works=yes
ac_cv_func_gettimeofday=yes
ac_cv_func_memmove=yes
ac_cv_func_memset=yes
ac_cv_func_socket=yes
ac_cv_func_strcasecmp=yes
ac_cv_func_strdup=yes
ac_cv_func_strerror=yes
ac_cv_func_strncasecmp=yes
ac_cv_func_strstr=yes
ac_cv_func_vfork=yes
ac_cv_func_vfork_works=yes
ac_cv_header_avahi_client_client_h=yes
ac_cv_header_avahi_client_lookup_h=yes
ac_cv_header_avahi_common_error_h=yes
ac_cv_header_avahi_common_malloc_h=yes
ac_cv_header_avahi_common_simple_watch_h=yes
ac_cv_header_cups_array_h=yes
ac_cv_header_cups_cups_h=yes
ac_cv_header_cups_dir_h=yes
ac_cv_header_cups_file_h=yes
ac_cv_header_cups_ppd_h=yes
ac_cv_header_fcntl_h=yes
ac_cv_header_inttypes_h=yes
ac_cv_header_memory_h=yes
ac_cv_header_stdc=yes
ac_cv_header_stdint_h=yes
ac_cv_header_stdlib_h=yes
ac_cv_header_string_h=yes
ac_cv_header_strings_h=yes
ac_cv_header_sys_socket_h=yes
ac_cv_header_sys_stat_h=yes
ac_cv_header_sys_types_h=yes
ac_cv_header_unistd_h=yes
ac_cv_header_vfork_h=no
ac_cv_lib_cups_cupsAddDest=yes
ac_cv_objext=o
ac_cv_path_EGREP='/bin/grep -E'
ac_cv_path_GREP=/bin/grep
ac_cv_path_ac_pt_CUPSCONFIG=/usr/bin/cups-config
ac_cv_path_ac_pt_PKG_CONFIG=/usr/bin/pkg-config
ac_cv_path_install='/usr/bin/install -c'
ac_cv_path_mkdir=/bin/mkdir
ac_cv_prog_AWK=gawk
ac_cv_prog_CPP='gcc -E'
ac_cv_prog_ac_ct_CC=gcc
ac_cv_prog_cc_c89=
ac_cv_prog_cc_g=yes
ac_cv_prog_make_make_set=yes
ac_cv_type_pid_t=yes
ac_cv_type_size_t=yes
ac_cv_type_uid_t=yes
am_cv_CC_dependencies_compiler_type=gcc3
am_cv_make_support_nested_variables=yes
am_cv_prog_cc_c_o=yes
pkg_cv_libavahi_CFLAGS=-D_REENTRANT
pkg_cv_libavahi_LIBS='-lavahi-common -lavahi-client'

## ----------------- ##
## Output variables. ##
## ----------------- ##

ACLOCAL='${SHELL} /home/dj/Printer-Applications-Framework/missing aclocal-1.16'
AMDEPBACKSLASH='\'
AMDEP_FALSE='#'
AMDEP_TRUE=''
AMTAR='$${TAR-tar}'
AM_BACKSLASH='\'
AM_DEFAULT_V='$(AM_DEFAULT_VERBOSITY)'
AM_DEFAULT_VERBOSITY='1'
AM_V='$(V)'
AUTOCONF='${SHELL} /home/dj/Printer-Applications-Framework/missing autoconf'
AUTOHEADER='${SHELL} /home/dj/Printer-Applications-Framework/missing autoheader'
AUTOMAKE='${SHELL} /home/dj/Printer-Applications-Framework/missing automake-1.16'
AWK='gawk'
CC='gcc'
CCDEPMODE='depmode=gcc3'
CFLAGS='-g -O2'
CPP='gcc -E'
CPPFLAGS=''
CUPSCONFIG='/usr/bin/cups-config'
CUPS_SERVERBIN='/usr/lib/cups'
CYGPATH_W='echo'
DEFS='-DHAVE_CONFIG_H'
DEPDIR='.deps'
ECHO_C=''
ECHO_N='-n'
ECHO_T=''
EGREP='/bin/grep -E'
EXEEXT=''
GREP='/bin/grep'
INSTALL_DATA='${INSTALL} -m 644'
INSTALL_PROGRAM='${INSTALL}'
INSTALL_SCRIPT='${INSTALL}'
INSTALL_STRIP_PROGRAM='$(install_sh) -c -s'
LDFLAGS=''
LIBOBJS=''
LIBS='-lcups '
LTLIBOBJS=''
MAKEINFO='${SHELL} /home/dj/Printer-Applications-Framework/missing makeinfo'
MKDIR_P='/bin/mkdir -p'
OBJEXT='o'
PACKAGE='printer-applications-framework'
PACKAGE_BUGREPORT='https://github.com/dheeraj135/Printer-Applications-Framework'
PACKAGE_NAME='Printer Applications Framework'
PACKAGE_STRING='Printer Applications Framework 0.0.1'
PACKAGE_TARNAME='printer-applications-framework'
PACKAGE_URL=''
PACKAGE_VERSION='0.0.1'
PATH_SEPARATOR=':'
PKG_CONFIG='/usr/bin/pkg-config'
PKG_CONFIG_LIBDIR=''
PKG_CONFIG_PATH=''
SET_MAKE=''
SHELL='/bin/bash'
STRIP=''
VERSION='0.0.1'
ac_ct_CC='gcc'
am__EXEEXT_FALSE=''
am__EXEEXT_TRUE='#'
am__fastdepCC_FALSE='#'
am__fastdepCC_TRUE=''
am__include='include'
am__isrc=''
am__leading_dot='.'
am__nodep='_no'
am__quote=''
am__tar='$${TAR-tar} chof - "$$tardir"'
am__untar='$${TAR-tar} xf -'
bindir='/home/dj/Printer-Applications-Framework/install/bin'
build_alias=''
datadir='/home/dj/Printer-Applications-Framework/install/share/cups'
datarootdir='/home/dj/Printer-Applications-Framework/install/share'
docdir='${datarootdir}/doc/${PACKAGE_TARNAME}'
dvidir='${docdir}'
exec_prefix='/home/dj/Printer-Applications-Framework/install'
host_alias=''
htmldir='${docdir}'
includedir='${prefix}/include'
infodir='${datarootdir}/info'
install_sh='${SHELL} /home/dj/Printer-Applications-Framework/install-sh'
libavahi_CFLAGS='-D_REENTRANT'
libavahi_LIBS='-lavahi-common -lavahi-client'
libdir='${exec_prefix}/lib'
libexecdir='${exec_prefix}/libexec'
localedir='${datarootdir}/locale'
localstatedir='${prefix}/var'
mandir='${datarootdir}/man'
mkdir_p='$(MKDIR_P)'
oldincludedir='/usr/include'
pdfdir='${docdir}'
prefix='/home/dj/Printer-Applications-Framework/install'
program_transform_name='s,x,x,'
psdir='${docdir}'
runstatedir='${localstatedir}/run'
sbindir='${exec_prefix}/sbin'
serverbin='/home/dj/Printer-Applications-Framework/install/lib/cups'
sharedstatedir='${prefix}/com'
sysconfdir='${prefix}/etc'
target_alias=''

## ----------- ##
## confdefs.h. ##
## ----------- ##

/* confdefs.h */
#define PACKAGE_NAME "Printer Applications Framework"
#define PACKAGE_TARNAME "printer-applications-framework"
#define PACKAGE_VERSION "0.0.1"
#define PACKAGE_STRING "Printer Applications Framework 0.0.1"
#define PACKAGE_BUGREPORT "https://github.com/dheeraj135/Printer-Applications-Framework"
#define PACKAGE_URL ""
#define PACKAGE "printer-applications-framework"
#define VERSION "0.0.1"
#define EXEC_PREFIX "/home/dj/Printer-Applications-Framework/install"
#define PREFIX "/home/dj/Printer-Applications-Framework/install"
#define DATADIR "/home/dj/Printer-Applications-Framework/install/share/cups"
#define CACHEDIR "/home/dj/Printer-Applications-Framework/install/var/cache"
#define SERVERBIN "/home/dj/Printer-Applications-Framework/install/lib/cups"
#define BINDIR "/home/dj/Printer-Applications-Framework/install/bin"
#define TMPDIR "/home/dj/Printer-Applications-Framework/install/var/tmp/"
#define CUPS_SERVERBIN "/usr/lib/cups"
#define HAVE_LIBCUPS 1
#define STDC_HEADERS 1
#define HAVE_SYS_TYPES_H 1
#define HAVE_SYS_STAT_H 1
#define HAVE_STDLIB_H 1
#define HAVE_STRING_H 1
#define HAVE_MEMORY_H 1
#define HAVE_STRINGS_H 1
#define HAVE_INTTYPES_H 1
#define HAVE_STDINT_H 1
#define HAVE_UNISTD_H 1
#define HAVE_FCNTL_H 1
#define HAVE_STDLIB_H 1
#define HAVE_STRING_H 1
#define HAVE_SYS_SOCKET_H 1
#define HAVE_UNISTD_H 1
#define HAVE_CUPS_CUPS_H 1
#define HAVE_CUPS_ARRAY_H 1
#define HAVE_CUPS_DIR_H 1
#define HAVE_CUPS_FILE_H 1
#define HAVE_CUPS_PPD_H 1
#define HAVE_AVAHI_CLIENT_CLIENT_H 1
#define HAVE_AVAHI_CLIENT_LOOKUP_H 1
#define HAVE_AVAHI_COMMON_SIMPLE_WATCH_H 1
#define HAVE_AVAHI_COMMON_MALLOC_H 1
#define HAVE_AVAHI_COMMON_ERROR_H 1
#define HAVE_AVAHI 1
#define HAVE_FORK 1
#define HAVE_VFORK 1
#define HAVE_WORKING_VFORK 1
#define HAVE_WORKING_FORK 1
#define HAVE_DUP2 1
#define HAVE_GETTIMEOFDAY 1
#define HAVE_MEMMOVE 1
#define HAVE_MEMSET 1
#define HAVE_SOCKET 1
#define HAVE_STRCASECMP 1
#define HAVE_STRDUP 1
#define HAVE_STRERROR 1
#define HAVE_STRNCASECMP 1
#define HAVE_STRSTR 1

configure: exit 0
